<?xml version="1.0" encoding="UTF-8"?>
<!-- Generated by org.testng.reporters.JUnitReportReporter -->
<testsuite hostname="IRA" failures="0" tests="3" name="tests.DataProviderTest" time="14.007" errors="0" timestamp="2026-02-13T08:16:06 IST" skipped="0">
  <testcase classname="tests.DataProviderTest" name="parallelTest" time="4.389"/>
  <testcase classname="tests.DataProviderTest" name="parallelTest" time="4.824"/>
  <testcase classname="tests.DataProviderTest" name="parallelTest" time="4.794"/>
</testsuite> <!-- tests.DataProviderTest -->
