<?xml version="1.0" encoding="UTF-8"?>
<!-- Generated by org.testng.reporters.JUnitXMLReporter -->
<testsuite ignored="0" hostname="IRA" failures="1" tests="7" name="All Tests" time="51.448" errors="0" timestamp="2026-02-05T10:16:17 IST">
  <testcase classname="tests.GoogleTest" name="openGoogle" time="1.762"/>
  <testcase classname="tests.DataProviderTest" name="parallelTest" time="1.009"/>
  <testcase classname="tests.DataProviderTest" name="parallelTest" time="1.012"/>
  <testcase classname="tests.GoogleTest" name="failTest" time="0.479">
    <skipped/>
  </testcase> <!-- failTest -->
  <testcase classname="tests.DataProviderTest" name="parallelTest" time="1.305"/>
  <testcase classname="tests.GoogleTest" name="failTest" time="0.03">
    <skipped/>
  </testcase> <!-- failTest -->
  <testcase classname="tests.GoogleTest" name="failTest" time="0.095">
    <failure type="java.lang.AssertionError" message="expected [true] but found [false]">
      <![CDATA[java.lang.AssertionError: expected [true] but found [false]
at tests.GoogleTest.failTest(GoogleTest.java:20)
at java.base/java.util.concurrent.Executors$RunnableAdapter.call(Executors.java:572)
at java.base/java.util.concurrent.FutureTask.run(FutureTask.java:317)
at java.base/java.util.concurrent.ThreadPoolExecutor.runWorker(ThreadPoolExecutor.java:1144)
at java.base/java.util.concurrent.ThreadPoolExecutor$Worker.run(ThreadPoolExecutor.java:642)
at java.base/java.lang.Thread.run(Thread.java:1575)
... Removed 15 stack frames]]>
    </failure>
  </testcase> <!-- failTest -->
</testsuite> <!-- All Tests -->
