<?xml version="1.0" encoding="UTF-8"?>
<testng-results ignored="0" total="3" passed="3" failed="0" skipped="0">
  <reporter-output>
  </reporter-output>
  <suite started-at="2026-02-13T08:16:01 IST" name="Default suite" finished-at="2026-02-13T08:16:06 IST" duration-ms="4879">
    <groups>
    </groups>
    <test started-at="2026-02-13T08:16:01 IST" name="Default test" finished-at="2026-02-13T08:16:06 IST" duration-ms="4879">
      <class name="tests.DataProviderTest">
        <test-method is-config="true" signature="setup()[pri:0, instance:tests.DataProviderTest@700fb871]" started-at="2026-02-13T08:16:01 IST" name="setup" finished-at="2026-02-13T08:16:05 IST" duration-ms="3629" status="PASS">
          <reporter-output>
          </reporter-output>
        </test-method> <!-- setup -->
        <test-method is-config="true" signature="setup()[pri:0, instance:tests.DataProviderTest@700fb871]" started-at="2026-02-13T08:16:01 IST" name="setup" finished-at="2026-02-13T08:16:05 IST" duration-ms="3629" status="PASS">
          <reporter-output>
          </reporter-output>
        </test-method> <!-- setup -->
        <test-method is-config="true" signature="setup()[pri:0, instance:tests.DataProviderTest@700fb871]" started-at="2026-02-13T08:16:01 IST" name="setup" finished-at="2026-02-13T08:16:05 IST" duration-ms="3629" status="PASS">
          <reporter-output>
          </reporter-output>
        </test-method> <!-- setup -->
        <test-method signature="parallelTest(java.lang.String)[pri:0, instance:tests.DataProviderTest@700fb871]" started-at="2026-02-13T08:16:05 IST" name="parallelTest" data-provider="data" finished-at="2026-02-13T08:16:05 IST" duration-ms="224" status="PASS">
          <params>
            <param index="0">
              <value>
                <![CDATA[A]]>
              </value>
            </param>
          </params>
          <reporter-output>
          </reporter-output>
        </test-method> <!-- parallelTest -->
        <test-method signature="parallelTest(java.lang.String)[pri:0, instance:tests.DataProviderTest@700fb871]" started-at="2026-02-13T08:16:05 IST" name="parallelTest" data-provider="data" finished-at="2026-02-13T08:16:06 IST" duration-ms="886" status="PASS">
          <params>
            <param index="0">
              <value>
                <![CDATA[C]]>
              </value>
            </param>
          </params>
          <reporter-output>
          </reporter-output>
        </test-method> <!-- parallelTest -->
        <test-method signature="parallelTest(java.lang.String)[pri:0, instance:tests.DataProviderTest@700fb871]" started-at="2026-02-13T08:16:05 IST" name="parallelTest" data-provider="data" finished-at="2026-02-13T08:16:06 IST" duration-ms="879" status="PASS">
          <params>
            <param index="0">
              <value>
                <![CDATA[B]]>
              </value>
            </param>
          </params>
          <reporter-output>
          </reporter-output>
        </test-method> <!-- parallelTest -->
        <test-method is-config="true" signature="tearDown()[pri:0, instance:tests.DataProviderTest@700fb871]" started-at="2026-02-13T08:16:05 IST" name="tearDown" finished-at="2026-02-13T08:16:06 IST" duration-ms="536" status="PASS">
          <reporter-output>
          </reporter-output>
        </test-method> <!-- tearDown -->
        <test-method is-config="true" signature="tearDown()[pri:0, instance:tests.DataProviderTest@700fb871]" started-at="2026-02-13T08:16:06 IST" name="tearDown" finished-at="2026-02-13T08:16:06 IST" duration-ms="286" status="PASS">
          <reporter-output>
          </reporter-output>
        </test-method> <!-- tearDown -->
        <test-method is-config="true" signature="tearDown()[pri:0, instance:tests.DataProviderTest@700fb871]" started-at="2026-02-13T08:16:06 IST" name="tearDown" finished-at="2026-02-13T08:16:06 IST" duration-ms="309" status="PASS">
          <reporter-output>
          </reporter-output>
        </test-method> <!-- tearDown -->
      </class> <!-- tests.DataProviderTest -->
    </test> <!-- Default test -->
  </suite> <!-- Default suite -->
</testng-results>
