<?xml version="1.0" encoding="UTF-8"?>
<!-- Generated by org.testng.reporters.JUnitXMLReporter -->
<testsuite ignored="0" hostname="IRA" failures="0" tests="3" name="Default test" time="4.879" errors="0" timestamp="2026-02-13T08:16:06 IST">
  <testcase classname="tests.DataProviderTest" name="parallelTest" time="0.224"/>
  <testcase classname="tests.DataProviderTest" name="parallelTest" time="0.879"/>
  <testcase classname="tests.DataProviderTest" name="parallelTest" time="0.886"/>
</testsuite> <!-- Default test -->
