<?xml version="1.0" encoding="UTF-8"?>
<testng-results ignored="0" total="2" passed="2" failed="0" skipped="0">
  <reporter-output>
  </reporter-output>
  <suite started-at="2026-02-09T08:24:36 IST" name="Default suite" finished-at="2026-02-09T08:24:43 IST" duration-ms="7317">
    <groups>
    </groups>
    <test started-at="2026-02-09T08:24:36 IST" name="Default test" finished-at="2026-02-09T08:24:43 IST" duration-ms="7317">
      <class name="com.newgen.tests.LoginTest">
        <test-method is-config="true" signature="setUp()[pri:0, instance:com.newgen.tests.LoginTest@15de0b3c]" started-at="2026-02-09T08:24:36 IST" name="setUp" finished-at="2026-02-09T08:24:38 IST" duration-ms="1804" status="PASS">
          <reporter-output>
          </reporter-output>
        </test-method> <!-- setUp -->
        <test-method signature="login()[pri:1, instance:com.newgen.tests.LoginTest@15de0b3c]" started-at="2026-02-09T08:24:38 IST" name="login" finished-at="2026-02-09T08:24:42 IST" duration-ms="4040" status="PASS">
          <reporter-output>
          </reporter-output>
        </test-method> <!-- login -->
        <test-method signature="verifyTitle()[pri:2, instance:com.newgen.tests.LoginTest@15de0b3c]" started-at="2026-02-09T08:24:42 IST" name="verifyTitle" finished-at="2026-02-09T08:24:43 IST" duration-ms="1230" status="PASS">
          <reporter-output>
          </reporter-output>
        </test-method> <!-- verifyTitle -->
        <test-method is-config="true" signature="tearDown()[pri:0, instance:com.newgen.tests.LoginTest@15de0b3c]" started-at="2026-02-09T08:24:43 IST" name="tearDown" finished-at="2026-02-09T08:24:43 IST" duration-ms="187" status="PASS">
          <reporter-output>
          </reporter-output>
        </test-method> <!-- tearDown -->
      </class> <!-- com.newgen.tests.LoginTest -->
    </test> <!-- Default test -->
  </suite> <!-- Default suite -->
</testng-results>
